2024-10-13T10:58:58.707+07:00  INFO 18388 --- [online-banking] [main] c.w.o.OnlineBankingApplication           : Starting OnlineBankingApplication using Java 22.0.2 with PID 18388 (D:\DEV\development\online-banking\target\classes started by DEV in D:\DEV\development\online-banking)
2024-10-13T10:58:58.709+07:00 DEBUG 18388 --- [online-banking] [main] c.w.o.OnlineBankingApplication           : Running with Spring Boot v3.3.4, Spring v6.1.13
2024-10-13T10:58:58.710+07:00  INFO 18388 --- [online-banking] [main] c.w.o.OnlineBankingApplication           : No active profile set, falling back to 1 default profile: "default"
2024-10-13T10:59:01.544+07:00  INFO 18388 --- [online-banking] [main] .s.d.r.c.RepositoryConfigurationDelegate : Bootstrapping Spring Data JPA repositories in DEFAULT mode.
2024-10-13T10:59:01.694+07:00  INFO 18388 --- [online-banking] [main] .s.d.r.c.RepositoryConfigurationDelegate : Finished Spring Data repository scanning in 134 ms. Found 3 JPA repository interfaces.
2024-10-13T10:59:04.273+07:00  INFO 18388 --- [online-banking] [main] o.s.b.w.embedded.tomcat.TomcatWebServer  : Tomcat initialized with port 8080 (http)
2024-10-13T10:59:04.306+07:00  INFO 18388 --- [online-banking] [main] o.apache.catalina.core.StandardService   : Starting service [Tomcat]
2024-10-13T10:59:04.307+07:00  INFO 18388 --- [online-banking] [main] o.apache.catalina.core.StandardEngine    : Starting Servlet engine: [Apache Tomcat/10.1.30]
2024-10-13T10:59:04.478+07:00  INFO 18388 --- [online-banking] [main] o.a.c.c.C.[Tomcat].[localhost].[/]       : Initializing Spring embedded WebApplicationContext
2024-10-13T10:59:04.479+07:00  INFO 18388 --- [online-banking] [main] w.s.c.ServletWebServerApplicationContext : Root WebApplicationContext: initialization completed in 5669 ms
2024-10-13T10:59:05.686+07:00  INFO 18388 --- [online-banking] [main] o.hibernate.jpa.internal.util.LogHelper  : HHH000204: Processing PersistenceUnitInfo [name: default]
2024-10-13T10:59:05.833+07:00  INFO 18388 --- [online-banking] [main] org.hibernate.Version                    : HHH000412: Hibernate ORM core version 6.5.3.Final
2024-10-13T10:59:05.931+07:00  INFO 18388 --- [online-banking] [main] o.h.c.internal.RegionFactoryInitiator    : HHH000026: Second-level cache disabled
2024-10-13T10:59:06.540+07:00  INFO 18388 --- [online-banking] [main] o.s.o.j.p.SpringPersistenceUnitInfo      : No LoadTimeWeaver setup: ignoring JPA class transformer
2024-10-13T10:59:06.602+07:00  INFO 18388 --- [online-banking] [main] com.zaxxer.hikari.HikariDataSource       : HikariPool-1 - Starting...
2024-10-13T10:59:06.954+07:00  INFO 18388 --- [online-banking] [main] com.zaxxer.hikari.pool.HikariPool        : HikariPool-1 - Added connection com.mysql.cj.jdbc.ConnectionImpl@522f0bb8
2024-10-13T10:59:06.958+07:00  INFO 18388 --- [online-banking] [main] com.zaxxer.hikari.HikariDataSource       : HikariPool-1 - Start completed.
2024-10-13T10:59:07.066+07:00  WARN 18388 --- [online-banking] [main] org.hibernate.orm.deprecation            : HHH90000025: MySQLDialect does not need to be specified explicitly using 'hibernate.dialect' (remove the property setting and it will be selected by default)
2024-10-13T10:59:08.747+07:00  INFO 18388 --- [online-banking] [main] o.h.e.t.j.p.i.JtaPlatformInitiator       : HHH000489: No JTA platform available (set 'hibernate.transaction.jta.platform' to enable JTA platform integration)
2024-10-13T10:59:09.127+07:00  INFO 18388 --- [online-banking] [main] j.LocalContainerEntityManagerFactoryBean : Initialized JPA EntityManagerFactory for persistence unit 'default'
2024-10-13T10:59:10.036+07:00 DEBUG 18388 --- [online-banking] [main] c.w.o.security.JwtAuthenticationFilter   : Filter 'jwtAuthenticationFilter' configured for use
2024-10-13T10:59:10.038+07:00 DEBUG 18388 --- [online-banking] [main] c.w.o.filter.RateLimitingFilter          : Filter 'rateLimitingFilter' configured for use
2024-10-13T10:59:10.270+07:00  INFO 18388 --- [online-banking] [main] r$InitializeUserDetailsManagerConfigurer : Global AuthenticationManager configured with UserDetailsService bean with name customUserDetailsService
2024-10-13T10:59:10.562+07:00  WARN 18388 --- [online-banking] [main] JpaBaseConfiguration$JpaWebConfiguration : spring.jpa.open-in-view is enabled by default. Therefore, database queries may be performed during view rendering. Explicitly configure spring.jpa.open-in-view to disable this warning
2024-10-13T10:59:11.582+07:00  INFO 18388 --- [online-banking] [main] o.s.b.a.e.web.EndpointLinksResolver      : Exposing 4 endpoints beneath base path '/actuator'
2024-10-13T10:59:11.665+07:00  WARN 18388 --- [online-banking] [main] ConfigServletWebServerApplicationContext : Exception encountered during context initialization - cancelling refresh attempt: org.springframework.beans.factory.BeanCreationException: Error creating bean with name 'securityFilterChain' defined in class path resource [com/windev/online_banking/security/SecurityConfig.class]: Failed to instantiate [org.springframework.security.web.SecurityFilterChain]: Factory method 'securityFilterChain' threw exception with message: The Filter class com.windev.online_banking.security.JwtAuthenticationFilter does not have a registered order
2024-10-13T10:59:11.668+07:00  INFO 18388 --- [online-banking] [main] j.LocalContainerEntityManagerFactoryBean : Closing JPA EntityManagerFactory for persistence unit 'default'
2024-10-13T10:59:11.672+07:00  INFO 18388 --- [online-banking] [main] com.zaxxer.hikari.HikariDataSource       : HikariPool-1 - Shutdown initiated...
2024-10-13T10:59:11.686+07:00  INFO 18388 --- [online-banking] [main] com.zaxxer.hikari.HikariDataSource       : HikariPool-1 - Shutdown completed.
2024-10-13T10:59:11.701+07:00  INFO 18388 --- [online-banking] [main] o.apache.catalina.core.StandardService   : Stopping service [Tomcat]
2024-10-13T10:59:11.733+07:00  INFO 18388 --- [online-banking] [main] .s.b.a.l.ConditionEvaluationReportLogger : 

Error starting ApplicationContext. To display the condition evaluation report re-run your application with 'debug' enabled.
2024-10-13T10:59:11.773+07:00 ERROR 18388 --- [online-banking] [main] o.s.boot.SpringApplication               : Application run failed

org.springframework.beans.factory.BeanCreationException: Error creating bean with name 'securityFilterChain' defined in class path resource [com/windev/online_banking/security/SecurityConfig.class]: Failed to instantiate [org.springframework.security.web.SecurityFilterChain]: Factory method 'securityFilterChain' threw exception with message: The Filter class com.windev.online_banking.security.JwtAuthenticationFilter does not have a registered order
	at org.springframework.beans.factory.support.ConstructorResolver.instantiate(ConstructorResolver.java:648) ~[spring-beans-6.1.13.jar:6.1.13]
	at org.springframework.beans.factory.support.ConstructorResolver.instantiateUsingFactoryMethod(ConstructorResolver.java:636) ~[spring-beans-6.1.13.jar:6.1.13]
	at org.springframework.beans.factory.support.AbstractAutowireCapableBeanFactory.instantiateUsingFactoryMethod(AbstractAutowireCapableBeanFactory.java:1355) ~[spring-beans-6.1.13.jar:6.1.13]
	at org.springframework.beans.factory.support.AbstractAutowireCapableBeanFactory.createBeanInstance(AbstractAutowireCapableBeanFactory.java:1185) ~[spring-beans-6.1.13.jar:6.1.13]
	at org.springframework.beans.factory.support.AbstractAutowireCapableBeanFactory.doCreateBean(AbstractAutowireCapableBeanFactory.java:562) ~[spring-beans-6.1.13.jar:6.1.13]
	at org.springframework.beans.factory.support.AbstractAutowireCapableBeanFactory.createBean(AbstractAutowireCapableBeanFactory.java:522) ~[spring-beans-6.1.13.jar:6.1.13]
	at org.springframework.beans.factory.support.AbstractBeanFactory.lambda$doGetBean$0(AbstractBeanFactory.java:337) ~[spring-beans-6.1.13.jar:6.1.13]
	at org.springframework.beans.factory.support.DefaultSingletonBeanRegistry.getSingleton(DefaultSingletonBeanRegistry.java:234) ~[spring-beans-6.1.13.jar:6.1.13]
	at org.springframework.beans.factory.support.AbstractBeanFactory.doGetBean(AbstractBeanFactory.java:335) ~[spring-beans-6.1.13.jar:6.1.13]
	at org.springframework.beans.factory.support.AbstractBeanFactory.getBean(AbstractBeanFactory.java:200) ~[spring-beans-6.1.13.jar:6.1.13]
	at org.springframework.beans.factory.support.DefaultListableBeanFactory.preInstantiateSingletons(DefaultListableBeanFactory.java:975) ~[spring-beans-6.1.13.jar:6.1.13]
	at org.springframework.context.support.AbstractApplicationContext.finishBeanFactoryInitialization(AbstractApplicationContext.java:971) ~[spring-context-6.1.13.jar:6.1.13]
	at org.springframework.context.support.AbstractApplicationContext.refresh(AbstractApplicationContext.java:625) ~[spring-context-6.1.13.jar:6.1.13]
	at org.springframework.boot.web.servlet.context.ServletWebServerApplicationContext.refresh(ServletWebServerApplicationContext.java:146) ~[spring-boot-3.3.4.jar:3.3.4]
	at org.springframework.boot.SpringApplication.refresh(SpringApplication.java:754) ~[spring-boot-3.3.4.jar:3.3.4]
	at org.springframework.boot.SpringApplication.refreshContext(SpringApplication.java:456) ~[spring-boot-3.3.4.jar:3.3.4]
	at org.springframework.boot.SpringApplication.run(SpringApplication.java:335) ~[spring-boot-3.3.4.jar:3.3.4]
	at org.springframework.boot.SpringApplication.run(SpringApplication.java:1363) ~[spring-boot-3.3.4.jar:3.3.4]
	at org.springframework.boot.SpringApplication.run(SpringApplication.java:1352) ~[spring-boot-3.3.4.jar:3.3.4]
	at com.windev.online_banking.OnlineBankingApplication.main(OnlineBankingApplication.java:10) ~[classes/:na]
Caused by: org.springframework.beans.BeanInstantiationException: Failed to instantiate [org.springframework.security.web.SecurityFilterChain]: Factory method 'securityFilterChain' threw exception with message: The Filter class com.windev.online_banking.security.JwtAuthenticationFilter does not have a registered order
	at org.springframework.beans.factory.support.SimpleInstantiationStrategy.instantiate(SimpleInstantiationStrategy.java:178) ~[spring-beans-6.1.13.jar:6.1.13]
	at org.springframework.beans.factory.support.ConstructorResolver.instantiate(ConstructorResolver.java:644) ~[spring-beans-6.1.13.jar:6.1.13]
	... 19 common frames omitted
Caused by: java.lang.IllegalArgumentException: The Filter class com.windev.online_banking.security.JwtAuthenticationFilter does not have a registered order
	at org.springframework.security.config.annotation.web.builders.HttpSecurity.addFilterAtOffsetOf(HttpSecurity.java:3297) ~[spring-security-config-6.3.3.jar:6.3.3]
	at org.springframework.security.config.annotation.web.builders.HttpSecurity.addFilterBefore(HttpSecurity.java:3290) ~[spring-security-config-6.3.3.jar:6.3.3]
	at com.windev.online_banking.security.SecurityConfig.securityFilterChain(SecurityConfig.java:52) ~[classes/:na]
	at com.windev.online_banking.security.SecurityConfig$$SpringCGLIB$$0.CGLIB$securityFilterChain$1(<generated>) ~[classes/:na]
	at com.windev.online_banking.security.SecurityConfig$$SpringCGLIB$$FastClass$$1.invoke(<generated>) ~[classes/:na]
	at org.springframework.cglib.proxy.MethodProxy.invokeSuper(MethodProxy.java:258) ~[spring-core-6.1.13.jar:6.1.13]
	at org.springframework.context.annotation.ConfigurationClassEnhancer$BeanMethodInterceptor.intercept(ConfigurationClassEnhancer.java:348) ~[spring-context-6.1.13.jar:6.1.13]
	at com.windev.online_banking.security.SecurityConfig$$SpringCGLIB$$0.securityFilterChain(<generated>) ~[classes/:na]
	at java.base/jdk.internal.reflect.DirectMethodHandleAccessor.invoke(DirectMethodHandleAccessor.java:103) ~[na:na]
	at java.base/java.lang.reflect.Method.invoke(Method.java:580) ~[na:na]
	at org.springframework.beans.factory.support.SimpleInstantiationStrategy.instantiate(SimpleInstantiationStrategy.java:146) ~[spring-beans-6.1.13.jar:6.1.13]
	... 20 common frames omitted

2024-10-13T10:59:59.975+07:00  INFO 15752 --- [online-banking] [main] c.w.o.OnlineBankingApplication           : Starting OnlineBankingApplication using Java 22.0.2 with PID 15752 (D:\DEV\development\online-banking\target\classes started by DEV in D:\DEV\development\online-banking)
2024-10-13T10:59:59.978+07:00 DEBUG 15752 --- [online-banking] [main] c.w.o.OnlineBankingApplication           : Running with Spring Boot v3.3.4, Spring v6.1.13
2024-10-13T10:59:59.981+07:00  INFO 15752 --- [online-banking] [main] c.w.o.OnlineBankingApplication           : No active profile set, falling back to 1 default profile: "default"
2024-10-13T11:00:02.147+07:00  INFO 15752 --- [online-banking] [main] .s.d.r.c.RepositoryConfigurationDelegate : Bootstrapping Spring Data JPA repositories in DEFAULT mode.
2024-10-13T11:00:02.271+07:00  INFO 15752 --- [online-banking] [main] .s.d.r.c.RepositoryConfigurationDelegate : Finished Spring Data repository scanning in 112 ms. Found 3 JPA repository interfaces.
2024-10-13T11:00:04.104+07:00  INFO 15752 --- [online-banking] [main] o.s.b.w.embedded.tomcat.TomcatWebServer  : Tomcat initialized with port 8080 (http)
2024-10-13T11:00:04.142+07:00  INFO 15752 --- [online-banking] [main] o.apache.catalina.core.StandardService   : Starting service [Tomcat]
2024-10-13T11:00:04.143+07:00  INFO 15752 --- [online-banking] [main] o.apache.catalina.core.StandardEngine    : Starting Servlet engine: [Apache Tomcat/10.1.30]
2024-10-13T11:00:04.328+07:00  INFO 15752 --- [online-banking] [main] o.a.c.c.C.[Tomcat].[localhost].[/]       : Initializing Spring embedded WebApplicationContext
2024-10-13T11:00:04.329+07:00  INFO 15752 --- [online-banking] [main] w.s.c.ServletWebServerApplicationContext : Root WebApplicationContext: initialization completed in 4202 ms
2024-10-13T11:00:05.406+07:00  INFO 15752 --- [online-banking] [main] o.hibernate.jpa.internal.util.LogHelper  : HHH000204: Processing PersistenceUnitInfo [name: default]
2024-10-13T11:00:05.518+07:00  INFO 15752 --- [online-banking] [main] org.hibernate.Version                    : HHH000412: Hibernate ORM core version 6.5.3.Final
2024-10-13T11:00:05.605+07:00  INFO 15752 --- [online-banking] [main] o.h.c.internal.RegionFactoryInitiator    : HHH000026: Second-level cache disabled
2024-10-13T11:00:06.173+07:00  INFO 15752 --- [online-banking] [main] o.s.o.j.p.SpringPersistenceUnitInfo      : No LoadTimeWeaver setup: ignoring JPA class transformer
2024-10-13T11:00:06.222+07:00  INFO 15752 --- [online-banking] [main] com.zaxxer.hikari.HikariDataSource       : HikariPool-1 - Starting...
2024-10-13T11:00:06.488+07:00  INFO 15752 --- [online-banking] [main] com.zaxxer.hikari.pool.HikariPool        : HikariPool-1 - Added connection com.mysql.cj.jdbc.ConnectionImpl@2431050d
2024-10-13T11:00:06.490+07:00  INFO 15752 --- [online-banking] [main] com.zaxxer.hikari.HikariDataSource       : HikariPool-1 - Start completed.
2024-10-13T11:00:06.555+07:00  WARN 15752 --- [online-banking] [main] org.hibernate.orm.deprecation            : HHH90000025: MySQLDialect does not need to be specified explicitly using 'hibernate.dialect' (remove the property setting and it will be selected by default)
2024-10-13T11:00:07.990+07:00  INFO 15752 --- [online-banking] [main] o.h.e.t.j.p.i.JtaPlatformInitiator       : HHH000489: No JTA platform available (set 'hibernate.transaction.jta.platform' to enable JTA platform integration)
2024-10-13T11:00:08.108+07:00  INFO 15752 --- [online-banking] [main] j.LocalContainerEntityManagerFactoryBean : Initialized JPA EntityManagerFactory for persistence unit 'default'
2024-10-13T11:00:08.816+07:00 DEBUG 15752 --- [online-banking] [main] c.w.o.security.JwtAuthenticationFilter   : Filter 'jwtAuthenticationFilter' configured for use
2024-10-13T11:00:08.819+07:00 DEBUG 15752 --- [online-banking] [main] c.w.o.filter.RateLimitingFilter          : Filter 'rateLimitingFilter' configured for use
2024-10-13T11:00:09.073+07:00  INFO 15752 --- [online-banking] [main] r$InitializeUserDetailsManagerConfigurer : Global AuthenticationManager configured with UserDetailsService bean with name customUserDetailsService
2024-10-13T11:00:09.310+07:00  WARN 15752 --- [online-banking] [main] JpaBaseConfiguration$JpaWebConfiguration : spring.jpa.open-in-view is enabled by default. Therefore, database queries may be performed during view rendering. Explicitly configure spring.jpa.open-in-view to disable this warning
2024-10-13T11:00:10.187+07:00  INFO 15752 --- [online-banking] [main] o.s.b.a.e.web.EndpointLinksResolver      : Exposing 4 endpoints beneath base path '/actuator'
2024-10-13T11:00:10.246+07:00  WARN 15752 --- [online-banking] [main] ConfigServletWebServerApplicationContext : Exception encountered during context initialization - cancelling refresh attempt: org.springframework.beans.factory.BeanCreationException: Error creating bean with name 'securityFilterChain' defined in class path resource [com/windev/online_banking/security/SecurityConfig.class]: Failed to instantiate [org.springframework.security.web.SecurityFilterChain]: Factory method 'securityFilterChain' threw exception with message: The Filter class com.windev.online_banking.security.JwtAuthenticationFilter does not have a registered order
2024-10-13T11:00:10.249+07:00  INFO 15752 --- [online-banking] [main] j.LocalContainerEntityManagerFactoryBean : Closing JPA EntityManagerFactory for persistence unit 'default'
2024-10-13T11:00:10.254+07:00  INFO 15752 --- [online-banking] [main] com.zaxxer.hikari.HikariDataSource       : HikariPool-1 - Shutdown initiated...
2024-10-13T11:00:10.268+07:00  INFO 15752 --- [online-banking] [main] com.zaxxer.hikari.HikariDataSource       : HikariPool-1 - Shutdown completed.
2024-10-13T11:00:10.278+07:00  INFO 15752 --- [online-banking] [main] o.apache.catalina.core.StandardService   : Stopping service [Tomcat]
2024-10-13T11:00:10.309+07:00  INFO 15752 --- [online-banking] [main] .s.b.a.l.ConditionEvaluationReportLogger : 

Error starting ApplicationContext. To display the condition evaluation report re-run your application with 'debug' enabled.
2024-10-13T11:00:10.338+07:00 ERROR 15752 --- [online-banking] [main] o.s.boot.SpringApplication               : Application run failed

org.springframework.beans.factory.BeanCreationException: Error creating bean with name 'securityFilterChain' defined in class path resource [com/windev/online_banking/security/SecurityConfig.class]: Failed to instantiate [org.springframework.security.web.SecurityFilterChain]: Factory method 'securityFilterChain' threw exception with message: The Filter class com.windev.online_banking.security.JwtAuthenticationFilter does not have a registered order
	at org.springframework.beans.factory.support.ConstructorResolver.instantiate(ConstructorResolver.java:648) ~[spring-beans-6.1.13.jar:6.1.13]
	at org.springframework.beans.factory.support.ConstructorResolver.instantiateUsingFactoryMethod(ConstructorResolver.java:636) ~[spring-beans-6.1.13.jar:6.1.13]
	at org.springframework.beans.factory.support.AbstractAutowireCapableBeanFactory.instantiateUsingFactoryMethod(AbstractAutowireCapableBeanFactory.java:1355) ~[spring-beans-6.1.13.jar:6.1.13]
	at org.springframework.beans.factory.support.AbstractAutowireCapableBeanFactory.createBeanInstance(AbstractAutowireCapableBeanFactory.java:1185) ~[spring-beans-6.1.13.jar:6.1.13]
	at org.springframework.beans.factory.support.AbstractAutowireCapableBeanFactory.doCreateBean(AbstractAutowireCapableBeanFactory.java:562) ~[spring-beans-6.1.13.jar:6.1.13]
	at org.springframework.beans.factory.support.AbstractAutowireCapableBeanFactory.createBean(AbstractAutowireCapableBeanFactory.java:522) ~[spring-beans-6.1.13.jar:6.1.13]
	at org.springframework.beans.factory.support.AbstractBeanFactory.lambda$doGetBean$0(AbstractBeanFactory.java:337) ~[spring-beans-6.1.13.jar:6.1.13]
	at org.springframework.beans.factory.support.DefaultSingletonBeanRegistry.getSingleton(DefaultSingletonBeanRegistry.java:234) ~[spring-beans-6.1.13.jar:6.1.13]
	at org.springframework.beans.factory.support.AbstractBeanFactory.doGetBean(AbstractBeanFactory.java:335) ~[spring-beans-6.1.13.jar:6.1.13]
	at org.springframework.beans.factory.support.AbstractBeanFactory.getBean(AbstractBeanFactory.java:200) ~[spring-beans-6.1.13.jar:6.1.13]
	at org.springframework.beans.factory.support.DefaultListableBeanFactory.preInstantiateSingletons(DefaultListableBeanFactory.java:975) ~[spring-beans-6.1.13.jar:6.1.13]
	at org.springframework.context.support.AbstractApplicationContext.finishBeanFactoryInitialization(AbstractApplicationContext.java:971) ~[spring-context-6.1.13.jar:6.1.13]
	at org.springframework.context.support.AbstractApplicationContext.refresh(AbstractApplicationContext.java:625) ~[spring-context-6.1.13.jar:6.1.13]
	at org.springframework.boot.web.servlet.context.ServletWebServerApplicationContext.refresh(ServletWebServerApplicationContext.java:146) ~[spring-boot-3.3.4.jar:3.3.4]
	at org.springframework.boot.SpringApplication.refresh(SpringApplication.java:754) ~[spring-boot-3.3.4.jar:3.3.4]
	at org.springframework.boot.SpringApplication.refreshContext(SpringApplication.java:456) ~[spring-boot-3.3.4.jar:3.3.4]
	at org.springframework.boot.SpringApplication.run(SpringApplication.java:335) ~[spring-boot-3.3.4.jar:3.3.4]
	at org.springframework.boot.SpringApplication.run(SpringApplication.java:1363) ~[spring-boot-3.3.4.jar:3.3.4]
	at org.springframework.boot.SpringApplication.run(SpringApplication.java:1352) ~[spring-boot-3.3.4.jar:3.3.4]
	at com.windev.online_banking.OnlineBankingApplication.main(OnlineBankingApplication.java:10) ~[classes/:na]
Caused by: org.springframework.beans.BeanInstantiationException: Failed to instantiate [org.springframework.security.web.SecurityFilterChain]: Factory method 'securityFilterChain' threw exception with message: The Filter class com.windev.online_banking.security.JwtAuthenticationFilter does not have a registered order
	at org.springframework.beans.factory.support.SimpleInstantiationStrategy.instantiate(SimpleInstantiationStrategy.java:178) ~[spring-beans-6.1.13.jar:6.1.13]
	at org.springframework.beans.factory.support.ConstructorResolver.instantiate(ConstructorResolver.java:644) ~[spring-beans-6.1.13.jar:6.1.13]
	... 19 common frames omitted
Caused by: java.lang.IllegalArgumentException: The Filter class com.windev.online_banking.security.JwtAuthenticationFilter does not have a registered order
	at org.springframework.security.config.annotation.web.builders.HttpSecurity.addFilterAtOffsetOf(HttpSecurity.java:3297) ~[spring-security-config-6.3.3.jar:6.3.3]
	at org.springframework.security.config.annotation.web.builders.HttpSecurity.addFilterBefore(HttpSecurity.java:3290) ~[spring-security-config-6.3.3.jar:6.3.3]
	at com.windev.online_banking.security.SecurityConfig.securityFilterChain(SecurityConfig.java:45) ~[classes/:na]
	at com.windev.online_banking.security.SecurityConfig$$SpringCGLIB$$0.CGLIB$securityFilterChain$0(<generated>) ~[classes/:na]
	at com.windev.online_banking.security.SecurityConfig$$SpringCGLIB$$FastClass$$1.invoke(<generated>) ~[classes/:na]
	at org.springframework.cglib.proxy.MethodProxy.invokeSuper(MethodProxy.java:258) ~[spring-core-6.1.13.jar:6.1.13]
	at org.springframework.context.annotation.ConfigurationClassEnhancer$BeanMethodInterceptor.intercept(ConfigurationClassEnhancer.java:348) ~[spring-context-6.1.13.jar:6.1.13]
	at com.windev.online_banking.security.SecurityConfig$$SpringCGLIB$$0.securityFilterChain(<generated>) ~[classes/:na]
	at java.base/jdk.internal.reflect.DirectMethodHandleAccessor.invoke(DirectMethodHandleAccessor.java:103) ~[na:na]
	at java.base/java.lang.reflect.Method.invoke(Method.java:580) ~[na:na]
	at org.springframework.beans.factory.support.SimpleInstantiationStrategy.instantiate(SimpleInstantiationStrategy.java:146) ~[spring-beans-6.1.13.jar:6.1.13]
	... 20 common frames omitted

2024-10-13T11:00:26.659+07:00  INFO 972 --- [online-banking] [main] c.w.o.OnlineBankingApplication           : Starting OnlineBankingApplication using Java 22.0.2 with PID 972 (D:\DEV\development\online-banking\target\classes started by DEV in D:\DEV\development\online-banking)
2024-10-13T11:00:26.662+07:00 DEBUG 972 --- [online-banking] [main] c.w.o.OnlineBankingApplication           : Running with Spring Boot v3.3.4, Spring v6.1.13
2024-10-13T11:00:26.663+07:00  INFO 972 --- [online-banking] [main] c.w.o.OnlineBankingApplication           : No active profile set, falling back to 1 default profile: "default"
2024-10-13T11:00:28.953+07:00  INFO 972 --- [online-banking] [main] .s.d.r.c.RepositoryConfigurationDelegate : Bootstrapping Spring Data JPA repositories in DEFAULT mode.
2024-10-13T11:00:29.172+07:00  INFO 972 --- [online-banking] [main] .s.d.r.c.RepositoryConfigurationDelegate : Finished Spring Data repository scanning in 199 ms. Found 3 JPA repository interfaces.
2024-10-13T11:00:30.979+07:00  INFO 972 --- [online-banking] [main] o.s.b.w.embedded.tomcat.TomcatWebServer  : Tomcat initialized with port 8080 (http)
2024-10-13T11:00:31.004+07:00  INFO 972 --- [online-banking] [main] o.apache.catalina.core.StandardService   : Starting service [Tomcat]
2024-10-13T11:00:31.005+07:00  INFO 972 --- [online-banking] [main] o.apache.catalina.core.StandardEngine    : Starting Servlet engine: [Apache Tomcat/10.1.30]
2024-10-13T11:00:31.139+07:00  INFO 972 --- [online-banking] [main] o.a.c.c.C.[Tomcat].[localhost].[/]       : Initializing Spring embedded WebApplicationContext
2024-10-13T11:00:31.140+07:00  INFO 972 --- [online-banking] [main] w.s.c.ServletWebServerApplicationContext : Root WebApplicationContext: initialization completed in 4377 ms
2024-10-13T11:00:32.112+07:00  INFO 972 --- [online-banking] [main] o.hibernate.jpa.internal.util.LogHelper  : HHH000204: Processing PersistenceUnitInfo [name: default]
2024-10-13T11:00:32.232+07:00  INFO 972 --- [online-banking] [main] org.hibernate.Version                    : HHH000412: Hibernate ORM core version 6.5.3.Final
2024-10-13T11:00:32.305+07:00  INFO 972 --- [online-banking] [main] o.h.c.internal.RegionFactoryInitiator    : HHH000026: Second-level cache disabled
2024-10-13T11:00:32.924+07:00  INFO 972 --- [online-banking] [main] o.s.o.j.p.SpringPersistenceUnitInfo      : No LoadTimeWeaver setup: ignoring JPA class transformer
2024-10-13T11:00:32.990+07:00  INFO 972 --- [online-banking] [main] com.zaxxer.hikari.HikariDataSource       : HikariPool-1 - Starting...
2024-10-13T11:00:33.290+07:00  INFO 972 --- [online-banking] [main] com.zaxxer.hikari.pool.HikariPool        : HikariPool-1 - Added connection com.mysql.cj.jdbc.ConnectionImpl@6f4f2cc0
2024-10-13T11:00:33.294+07:00  INFO 972 --- [online-banking] [main] com.zaxxer.hikari.HikariDataSource       : HikariPool-1 - Start completed.
2024-10-13T11:00:33.362+07:00  WARN 972 --- [online-banking] [main] org.hibernate.orm.deprecation            : HHH90000025: MySQLDialect does not need to be specified explicitly using 'hibernate.dialect' (remove the property setting and it will be selected by default)
2024-10-13T11:00:34.755+07:00  INFO 972 --- [online-banking] [main] o.h.e.t.j.p.i.JtaPlatformInitiator       : HHH000489: No JTA platform available (set 'hibernate.transaction.jta.platform' to enable JTA platform integration)
2024-10-13T11:00:34.861+07:00  INFO 972 --- [online-banking] [main] j.LocalContainerEntityManagerFactoryBean : Initialized JPA EntityManagerFactory for persistence unit 'default'
2024-10-13T11:00:35.583+07:00 DEBUG 972 --- [online-banking] [main] c.w.o.security.JwtAuthenticationFilter   : Filter 'jwtAuthenticationFilter' configured for use
2024-10-13T11:00:35.587+07:00 DEBUG 972 --- [online-banking] [main] c.w.o.filter.RateLimitingFilter          : Filter 'rateLimitingFilter' configured for use
2024-10-13T11:00:35.763+07:00  INFO 972 --- [online-banking] [main] r$InitializeUserDetailsManagerConfigurer : Global AuthenticationManager configured with UserDetailsService bean with name customUserDetailsService
2024-10-13T11:00:36.052+07:00  WARN 972 --- [online-banking] [main] JpaBaseConfiguration$JpaWebConfiguration : spring.jpa.open-in-view is enabled by default. Therefore, database queries may be performed during view rendering. Explicitly configure spring.jpa.open-in-view to disable this warning
2024-10-13T11:00:36.935+07:00  INFO 972 --- [online-banking] [main] o.s.b.a.e.web.EndpointLinksResolver      : Exposing 4 endpoints beneath base path '/actuator'
2024-10-13T11:00:36.996+07:00  WARN 972 --- [online-banking] [main] ConfigServletWebServerApplicationContext : Exception encountered during context initialization - cancelling refresh attempt: org.springframework.beans.factory.BeanCreationException: Error creating bean with name 'securityFilterChain' defined in class path resource [com/windev/online_banking/security/SecurityConfig.class]: Failed to instantiate [org.springframework.security.web.SecurityFilterChain]: Factory method 'securityFilterChain' threw exception with message: The Filter class com.windev.online_banking.filter.RateLimitingFilter does not have a registered order
2024-10-13T11:00:36.999+07:00  INFO 972 --- [online-banking] [main] j.LocalContainerEntityManagerFactoryBean : Closing JPA EntityManagerFactory for persistence unit 'default'
2024-10-13T11:00:37.002+07:00  INFO 972 --- [online-banking] [main] com.zaxxer.hikari.HikariDataSource       : HikariPool-1 - Shutdown initiated...
2024-10-13T11:00:37.014+07:00  INFO 972 --- [online-banking] [main] com.zaxxer.hikari.HikariDataSource       : HikariPool-1 - Shutdown completed.
2024-10-13T11:00:37.026+07:00  INFO 972 --- [online-banking] [main] o.apache.catalina.core.StandardService   : Stopping service [Tomcat]
2024-10-13T11:00:37.054+07:00  INFO 972 --- [online-banking] [main] .s.b.a.l.ConditionEvaluationReportLogger : 

Error starting ApplicationContext. To display the condition evaluation report re-run your application with 'debug' enabled.
2024-10-13T11:00:37.092+07:00 ERROR 972 --- [online-banking] [main] o.s.boot.SpringApplication               : Application run failed

org.springframework.beans.factory.BeanCreationException: Error creating bean with name 'securityFilterChain' defined in class path resource [com/windev/online_banking/security/SecurityConfig.class]: Failed to instantiate [org.springframework.security.web.SecurityFilterChain]: Factory method 'securityFilterChain' threw exception with message: The Filter class com.windev.online_banking.filter.RateLimitingFilter does not have a registered order
	at org.springframework.beans.factory.support.ConstructorResolver.instantiate(ConstructorResolver.java:648) ~[spring-beans-6.1.13.jar:6.1.13]
	at org.springframework.beans.factory.support.ConstructorResolver.instantiateUsingFactoryMethod(ConstructorResolver.java:636) ~[spring-beans-6.1.13.jar:6.1.13]
	at org.springframework.beans.factory.support.AbstractAutowireCapableBeanFactory.instantiateUsingFactoryMethod(AbstractAutowireCapableBeanFactory.java:1355) ~[spring-beans-6.1.13.jar:6.1.13]
	at org.springframework.beans.factory.support.AbstractAutowireCapableBeanFactory.createBeanInstance(AbstractAutowireCapableBeanFactory.java:1185) ~[spring-beans-6.1.13.jar:6.1.13]
	at org.springframework.beans.factory.support.AbstractAutowireCapableBeanFactory.doCreateBean(AbstractAutowireCapableBeanFactory.java:562) ~[spring-beans-6.1.13.jar:6.1.13]
	at org.springframework.beans.factory.support.AbstractAutowireCapableBeanFactory.createBean(AbstractAutowireCapableBeanFactory.java:522) ~[spring-beans-6.1.13.jar:6.1.13]
	at org.springframework.beans.factory.support.AbstractBeanFactory.lambda$doGetBean$0(AbstractBeanFactory.java:337) ~[spring-beans-6.1.13.jar:6.1.13]
	at org.springframework.beans.factory.support.DefaultSingletonBeanRegistry.getSingleton(DefaultSingletonBeanRegistry.java:234) ~[spring-beans-6.1.13.jar:6.1.13]
	at org.springframework.beans.factory.support.AbstractBeanFactory.doGetBean(AbstractBeanFactory.java:335) ~[spring-beans-6.1.13.jar:6.1.13]
	at org.springframework.beans.factory.support.AbstractBeanFactory.getBean(AbstractBeanFactory.java:200) ~[spring-beans-6.1.13.jar:6.1.13]
	at org.springframework.beans.factory.support.DefaultListableBeanFactory.preInstantiateSingletons(DefaultListableBeanFactory.java:975) ~[spring-beans-6.1.13.jar:6.1.13]
	at org.springframework.context.support.AbstractApplicationContext.finishBeanFactoryInitialization(AbstractApplicationContext.java:971) ~[spring-context-6.1.13.jar:6.1.13]
	at org.springframework.context.support.AbstractApplicationContext.refresh(AbstractApplicationContext.java:625) ~[spring-context-6.1.13.jar:6.1.13]
	at org.springframework.boot.web.servlet.context.ServletWebServerApplicationContext.refresh(ServletWebServerApplicationContext.java:146) ~[spring-boot-3.3.4.jar:3.3.4]
	at org.springframework.boot.SpringApplication.refresh(SpringApplication.java:754) ~[spring-boot-3.3.4.jar:3.3.4]
	at org.springframework.boot.SpringApplication.refreshContext(SpringApplication.java:456) ~[spring-boot-3.3.4.jar:3.3.4]
	at org.springframework.boot.SpringApplication.run(SpringApplication.java:335) ~[spring-boot-3.3.4.jar:3.3.4]
	at org.springframework.boot.SpringApplication.run(SpringApplication.java:1363) ~[spring-boot-3.3.4.jar:3.3.4]
	at org.springframework.boot.SpringApplication.run(SpringApplication.java:1352) ~[spring-boot-3.3.4.jar:3.3.4]
	at com.windev.online_banking.OnlineBankingApplication.main(OnlineBankingApplication.java:10) ~[classes/:na]
Caused by: org.springframework.beans.BeanInstantiationException: Failed to instantiate [org.springframework.security.web.SecurityFilterChain]: Factory method 'securityFilterChain' threw exception with message: The Filter class com.windev.online_banking.filter.RateLimitingFilter does not have a registered order
	at org.springframework.beans.factory.support.SimpleInstantiationStrategy.instantiate(SimpleInstantiationStrategy.java:178) ~[spring-beans-6.1.13.jar:6.1.13]
	at org.springframework.beans.factory.support.ConstructorResolver.instantiate(ConstructorResolver.java:644) ~[spring-beans-6.1.13.jar:6.1.13]
	... 19 common frames omitted
Caused by: java.lang.IllegalArgumentException: The Filter class com.windev.online_banking.filter.RateLimitingFilter does not have a registered order
	at org.springframework.security.config.annotation.web.builders.HttpSecurity.addFilterAtOffsetOf(HttpSecurity.java:3297) ~[spring-security-config-6.3.3.jar:6.3.3]
	at org.springframework.security.config.annotation.web.builders.HttpSecurity.addFilterBefore(HttpSecurity.java:3290) ~[spring-security-config-6.3.3.jar:6.3.3]
	at com.windev.online_banking.security.SecurityConfig.securityFilterChain(SecurityConfig.java:45) ~[classes/:na]
	at com.windev.online_banking.security.SecurityConfig$$SpringCGLIB$$0.CGLIB$securityFilterChain$2(<generated>) ~[classes/:na]
	at com.windev.online_banking.security.SecurityConfig$$SpringCGLIB$$FastClass$$1.invoke(<generated>) ~[classes/:na]
	at org.springframework.cglib.proxy.MethodProxy.invokeSuper(MethodProxy.java:258) ~[spring-core-6.1.13.jar:6.1.13]
	at org.springframework.context.annotation.ConfigurationClassEnhancer$BeanMethodInterceptor.intercept(ConfigurationClassEnhancer.java:348) ~[spring-context-6.1.13.jar:6.1.13]
	at com.windev.online_banking.security.SecurityConfig$$SpringCGLIB$$0.securityFilterChain(<generated>) ~[classes/:na]
	at java.base/jdk.internal.reflect.DirectMethodHandleAccessor.invoke(DirectMethodHandleAccessor.java:103) ~[na:na]
	at java.base/java.lang.reflect.Method.invoke(Method.java:580) ~[na:na]
	at org.springframework.beans.factory.support.SimpleInstantiationStrategy.instantiate(SimpleInstantiationStrategy.java:146) ~[spring-beans-6.1.13.jar:6.1.13]
	... 20 common frames omitted

2024-10-13T11:01:06.664+07:00  INFO 17976 --- [online-banking] [main] c.w.o.OnlineBankingApplication           : Starting OnlineBankingApplication using Java 22.0.2 with PID 17976 (D:\DEV\development\online-banking\target\classes started by DEV in D:\DEV\development\online-banking)
2024-10-13T11:01:06.669+07:00 DEBUG 17976 --- [online-banking] [main] c.w.o.OnlineBankingApplication           : Running with Spring Boot v3.3.4, Spring v6.1.13
2024-10-13T11:01:06.671+07:00  INFO 17976 --- [online-banking] [main] c.w.o.OnlineBankingApplication           : No active profile set, falling back to 1 default profile: "default"
2024-10-13T11:01:09.792+07:00  INFO 17976 --- [online-banking] [main] .s.d.r.c.RepositoryConfigurationDelegate : Bootstrapping Spring Data JPA repositories in DEFAULT mode.
2024-10-13T11:01:09.959+07:00  INFO 17976 --- [online-banking] [main] .s.d.r.c.RepositoryConfigurationDelegate : Finished Spring Data repository scanning in 141 ms. Found 3 JPA repository interfaces.
2024-10-13T11:01:12.742+07:00  INFO 17976 --- [online-banking] [main] o.s.b.w.embedded.tomcat.TomcatWebServer  : Tomcat initialized with port 8080 (http)
2024-10-13T11:01:12.775+07:00  INFO 17976 --- [online-banking] [main] o.apache.catalina.core.StandardService   : Starting service [Tomcat]
2024-10-13T11:01:12.776+07:00  INFO 17976 --- [online-banking] [main] o.apache.catalina.core.StandardEngine    : Starting Servlet engine: [Apache Tomcat/10.1.30]
2024-10-13T11:01:13.046+07:00  INFO 17976 --- [online-banking] [main] o.a.c.c.C.[Tomcat].[localhost].[/]       : Initializing Spring embedded WebApplicationContext
2024-10-13T11:01:13.048+07:00  INFO 17976 --- [online-banking] [main] w.s.c.ServletWebServerApplicationContext : Root WebApplicationContext: initialization completed in 6257 ms
2024-10-13T11:01:14.579+07:00  INFO 17976 --- [online-banking] [main] o.hibernate.jpa.internal.util.LogHelper  : HHH000204: Processing PersistenceUnitInfo [name: default]
2024-10-13T11:01:14.709+07:00  INFO 17976 --- [online-banking] [main] org.hibernate.Version                    : HHH000412: Hibernate ORM core version 6.5.3.Final
2024-10-13T11:01:14.803+07:00  INFO 17976 --- [online-banking] [main] o.h.c.internal.RegionFactoryInitiator    : HHH000026: Second-level cache disabled
2024-10-13T11:01:15.558+07:00  INFO 17976 --- [online-banking] [main] o.s.o.j.p.SpringPersistenceUnitInfo      : No LoadTimeWeaver setup: ignoring JPA class transformer
2024-10-13T11:01:15.649+07:00  INFO 17976 --- [online-banking] [main] com.zaxxer.hikari.HikariDataSource       : HikariPool-1 - Starting...
2024-10-13T11:01:16.043+07:00  INFO 17976 --- [online-banking] [main] com.zaxxer.hikari.pool.HikariPool        : HikariPool-1 - Added connection com.mysql.cj.jdbc.ConnectionImpl@438c0aaf
2024-10-13T11:01:16.048+07:00  INFO 17976 --- [online-banking] [main] com.zaxxer.hikari.HikariDataSource       : HikariPool-1 - Start completed.
2024-10-13T11:01:16.197+07:00  WARN 17976 --- [online-banking] [main] org.hibernate.orm.deprecation            : HHH90000025: MySQLDialect does not need to be specified explicitly using 'hibernate.dialect' (remove the property setting and it will be selected by default)
2024-10-13T11:01:18.114+07:00  INFO 17976 --- [online-banking] [main] o.h.e.t.j.p.i.JtaPlatformInitiator       : HHH000489: No JTA platform available (set 'hibernate.transaction.jta.platform' to enable JTA platform integration)
2024-10-13T11:01:18.269+07:00  INFO 17976 --- [online-banking] [main] j.LocalContainerEntityManagerFactoryBean : Initialized JPA EntityManagerFactory for persistence unit 'default'
2024-10-13T11:01:18.957+07:00 DEBUG 17976 --- [online-banking] [main] c.w.o.security.JwtAuthenticationFilter   : Filter 'jwtAuthenticationFilter' configured for use
2024-10-13T11:01:18.960+07:00 DEBUG 17976 --- [online-banking] [main] c.w.o.filter.RateLimitingFilter          : Filter 'rateLimitingFilter' configured for use
2024-10-13T11:01:19.148+07:00  INFO 17976 --- [online-banking] [main] r$InitializeUserDetailsManagerConfigurer : Global AuthenticationManager configured with UserDetailsService bean with name customUserDetailsService
2024-10-13T11:01:19.377+07:00  WARN 17976 --- [online-banking] [main] JpaBaseConfiguration$JpaWebConfiguration : spring.jpa.open-in-view is enabled by default. Therefore, database queries may be performed during view rendering. Explicitly configure spring.jpa.open-in-view to disable this warning
2024-10-13T11:01:20.341+07:00  INFO 17976 --- [online-banking] [main] o.s.b.a.e.web.EndpointLinksResolver      : Exposing 4 endpoints beneath base path '/actuator'
2024-10-13T11:01:21.346+07:00  INFO 17976 --- [online-banking] [main] o.s.b.w.embedded.tomcat.TomcatWebServer  : Tomcat started on port 8080 (http) with context path '/'
2024-10-13T11:01:21.381+07:00  INFO 17976 --- [online-banking] [main] c.w.o.OnlineBankingApplication           : Started OnlineBankingApplication in 16.443 seconds (process running for 17.787)
2024-10-13T11:02:27.938+07:00  INFO 17976 --- [online-banking] [http-nio-8080-exec-1] o.a.c.c.C.[Tomcat].[localhost].[/]       : Initializing Spring DispatcherServlet 'dispatcherServlet'
2024-10-13T11:02:27.939+07:00  INFO 17976 --- [online-banking] [http-nio-8080-exec-1] o.s.web.servlet.DispatcherServlet        : Initializing Servlet 'dispatcherServlet'
2024-10-13T11:02:27.941+07:00  INFO 17976 --- [online-banking] [http-nio-8080-exec-1] o.s.web.servlet.DispatcherServlet        : Completed initialization in 2 ms
2024-10-13T11:02:50.832+07:00  INFO 17976 --- [online-banking] [http-nio-8080-exec-3] o.apache.tomcat.util.http.parser.Cookie  : A cookie header was received [g_state={"i_l":0};] that contained an invalid cookie. That cookie will be ignored.
 Note: further occurrences of this error will be logged at DEBUG level.
2024-10-13T11:02:59.196+07:00  INFO 17976 --- [online-banking] [http-nio-8080-exec-5] c.w.online_banking.aspect.AuditAspect    : User 'test2' attempted to login.
2024-10-13T11:03:19.966+07:00  INFO 17976 --- [online-banking] [http-nio-8080-exec-7] c.w.online_banking.aspect.AuditAspect    : User 'test2' attempted to login.
2024-10-13T11:08:16.583+07:00  INFO 17976 --- [online-banking] [http-nio-8080-exec-2] c.w.online_banking.aspect.AuditAspect    : User 'test2' attempted to login.
2024-10-13T11:12:30.195+07:00  INFO 17976 --- [online-banking] [http-nio-8080-exec-9] c.w.online_banking.aspect.AuditAspect    : User 'test2' attempted to login.
2024-10-13T11:54:59.619+07:00  INFO 17976 --- [online-banking] [SpringApplicationShutdownHook] j.LocalContainerEntityManagerFactoryBean : Closing JPA EntityManagerFactory for persistence unit 'default'
2024-10-13T11:54:59.632+07:00  INFO 17976 --- [online-banking] [SpringApplicationShutdownHook] com.zaxxer.hikari.HikariDataSource       : HikariPool-1 - Shutdown initiated...
2024-10-13T11:54:59.642+07:00  INFO 17976 --- [online-banking] [SpringApplicationShutdownHook] com.zaxxer.hikari.HikariDataSource       : HikariPool-1 - Shutdown completed.
2024-10-13T11:55:23.287+07:00  INFO 16960 --- [online-banking] [main] c.w.o.OnlineBankingApplication           : Starting OnlineBankingApplication using Java 22.0.2 with PID 16960 (D:\DEV\development\online-banking\target\classes started by DEV in D:\DEV\development\online-banking)
2024-10-13T11:55:23.301+07:00 DEBUG 16960 --- [online-banking] [main] c.w.o.OnlineBankingApplication           : Running with Spring Boot v3.3.4, Spring v6.1.13
2024-10-13T11:55:23.303+07:00  INFO 16960 --- [online-banking] [main] c.w.o.OnlineBankingApplication           : No active profile set, falling back to 1 default profile: "default"
2024-10-13T11:55:26.213+07:00  INFO 16960 --- [online-banking] [main] .s.d.r.c.RepositoryConfigurationDelegate : Bootstrapping Spring Data JPA repositories in DEFAULT mode.
2024-10-13T11:55:26.382+07:00  INFO 16960 --- [online-banking] [main] .s.d.r.c.RepositoryConfigurationDelegate : Finished Spring Data repository scanning in 147 ms. Found 3 JPA repository interfaces.
2024-10-13T11:55:29.148+07:00  INFO 16960 --- [online-banking] [main] o.s.b.w.embedded.tomcat.TomcatWebServer  : Tomcat initialized with port 8080 (http)
2024-10-13T11:55:29.188+07:00  INFO 16960 --- [online-banking] [main] o.apache.catalina.core.StandardService   : Starting service [Tomcat]
2024-10-13T11:55:29.188+07:00  INFO 16960 --- [online-banking] [main] o.apache.catalina.core.StandardEngine    : Starting Servlet engine: [Apache Tomcat/10.1.30]
2024-10-13T11:55:29.367+07:00  INFO 16960 --- [online-banking] [main] o.a.c.c.C.[Tomcat].[localhost].[/]       : Initializing Spring embedded WebApplicationContext
2024-10-13T11:55:29.368+07:00  INFO 16960 --- [online-banking] [main] w.s.c.ServletWebServerApplicationContext : Root WebApplicationContext: initialization completed in 5930 ms
2024-10-13T11:55:31.125+07:00  INFO 16960 --- [online-banking] [main] o.hibernate.jpa.internal.util.LogHelper  : HHH000204: Processing PersistenceUnitInfo [name: default]
2024-10-13T11:55:31.309+07:00  INFO 16960 --- [online-banking] [main] org.hibernate.Version                    : HHH000412: Hibernate ORM core version 6.5.3.Final
2024-10-13T11:55:31.404+07:00  INFO 16960 --- [online-banking] [main] o.h.c.internal.RegionFactoryInitiator    : HHH000026: Second-level cache disabled
2024-10-13T11:55:32.091+07:00  INFO 16960 --- [online-banking] [main] o.s.o.j.p.SpringPersistenceUnitInfo      : No LoadTimeWeaver setup: ignoring JPA class transformer
2024-10-13T11:55:32.169+07:00  INFO 16960 --- [online-banking] [main] com.zaxxer.hikari.HikariDataSource       : HikariPool-1 - Starting...
2024-10-13T11:55:32.511+07:00  INFO 16960 --- [online-banking] [main] com.zaxxer.hikari.pool.HikariPool        : HikariPool-1 - Added connection com.mysql.cj.jdbc.ConnectionImpl@3b1137b0
2024-10-13T11:55:32.515+07:00  INFO 16960 --- [online-banking] [main] com.zaxxer.hikari.HikariDataSource       : HikariPool-1 - Start completed.
2024-10-13T11:55:32.611+07:00  WARN 16960 --- [online-banking] [main] org.hibernate.orm.deprecation            : HHH90000025: MySQLDialect does not need to be specified explicitly using 'hibernate.dialect' (remove the property setting and it will be selected by default)
2024-10-13T11:55:34.860+07:00  INFO 16960 --- [online-banking] [main] o.h.e.t.j.p.i.JtaPlatformInitiator       : HHH000489: No JTA platform available (set 'hibernate.transaction.jta.platform' to enable JTA platform integration)
2024-10-13T11:55:35.046+07:00  INFO 16960 --- [online-banking] [main] j.LocalContainerEntityManagerFactoryBean : Initialized JPA EntityManagerFactory for persistence unit 'default'
2024-10-13T11:55:36.327+07:00 DEBUG 16960 --- [online-banking] [main] c.w.o.security.JwtAuthenticationFilter   : Filter 'jwtAuthenticationFilter' configured for use
2024-10-13T11:55:36.330+07:00 DEBUG 16960 --- [online-banking] [main] c.w.o.filter.RateLimitingFilter          : Filter 'rateLimitingFilter' configured for use
2024-10-13T11:55:36.582+07:00  INFO 16960 --- [online-banking] [main] r$InitializeUserDetailsManagerConfigurer : Global AuthenticationManager configured with UserDetailsService bean with name customUserDetailsService
2024-10-13T11:55:36.889+07:00  WARN 16960 --- [online-banking] [main] JpaBaseConfiguration$JpaWebConfiguration : spring.jpa.open-in-view is enabled by default. Therefore, database queries may be performed during view rendering. Explicitly configure spring.jpa.open-in-view to disable this warning
2024-10-13T11:55:38.528+07:00  INFO 16960 --- [online-banking] [main] o.s.b.a.e.web.EndpointLinksResolver      : Exposing 4 endpoints beneath base path '/actuator'
2024-10-13T11:55:39.657+07:00  INFO 16960 --- [online-banking] [main] o.s.b.w.embedded.tomcat.TomcatWebServer  : Tomcat started on port 8080 (http) with context path '/'
2024-10-13T11:55:39.693+07:00  INFO 16960 --- [online-banking] [main] c.w.o.OnlineBankingApplication           : Started OnlineBankingApplication in 17.649 seconds (process running for 19.92)
2024-10-13T11:56:25.429+07:00  INFO 16960 --- [online-banking] [http-nio-8080-exec-1] o.a.c.c.C.[Tomcat].[localhost].[/]       : Initializing Spring DispatcherServlet 'dispatcherServlet'
2024-10-13T11:56:25.430+07:00  INFO 16960 --- [online-banking] [http-nio-8080-exec-1] o.s.web.servlet.DispatcherServlet        : Initializing Servlet 'dispatcherServlet'
2024-10-13T11:56:25.435+07:00  INFO 16960 --- [online-banking] [http-nio-8080-exec-1] o.s.web.servlet.DispatcherServlet        : Completed initialization in 5 ms
2024-10-13T11:56:26.654+07:00  INFO 16960 --- [online-banking] [http-nio-8080-exec-1] c.w.online_banking.aspect.AuditAspect    : User 'test2' attempted to login.
2024-10-13T12:00:09.481+07:00  INFO 16960 --- [online-banking] [SpringApplicationShutdownHook] j.LocalContainerEntityManagerFactoryBean : Closing JPA EntityManagerFactory for persistence unit 'default'
2024-10-13T12:00:09.484+07:00  INFO 16960 --- [online-banking] [SpringApplicationShutdownHook] com.zaxxer.hikari.HikariDataSource       : HikariPool-1 - Shutdown initiated...
2024-10-13T12:00:09.497+07:00  INFO 16960 --- [online-banking] [SpringApplicationShutdownHook] com.zaxxer.hikari.HikariDataSource       : HikariPool-1 - Shutdown completed.
